{"total": {"lines":{"total":38,"covered":38,"skipped":0,"pct":100},"statements":{"total":40,"covered":40,"skipped":0,"pct":100},"functions":{"total":10,"covered":10,"skipped":0,"pct":100},"branches":{"total":22,"covered":18,"skipped":0,"pct":81.82}}
,"/Users/apoddubny/projects/redux-action-throttle/src/index.ts": {"lines":{"total":38,"covered":38,"skipped":0,"pct":100},"functions":{"total":10,"covered":10,"skipped":0,"pct":100},"statements":{"total":40,"covered":40,"skipped":0,"pct":100},"branches":{"total":22,"covered":18,"skipped":0,"pct":81.82}}
}
