{"/Users/apoddubny/projects/redux-action-throttle/src/index.ts": {"path":"/Users/apoddubny/projects/redux-action-throttle/src/index.ts","statementMap":{"0":{"start":{"line":3,"column":0},"end":{"line":3,"column":106}},"1":{"start":{"line":8,"column":24},"end":{"line":8,"column":26}},"2":{"start":{"line":16,"column":13},"end":{"line":16,"column":45}},"3":{"start":{"line":16,"column":30},"end":{"line":16,"column":44}},"4":{"start":{"line":21,"column":13},"end":{"line":23,"column":2}},"5":{"start":{"line":22,"column":2},"end":{"line":22,"column":13}},"6":{"start":{"line":35,"column":13},"end":{"line":77,"column":2}},"7":{"start":{"line":37,"column":5},"end":{"line":77,"column":1}},"8":{"start":{"line":37,"column":15},"end":{"line":77,"column":1}},"9":{"start":{"line":39,"column":34},"end":{"line":39,"column":40}},"10":{"start":{"line":42,"column":2},"end":{"line":44,"column":null}},"11":{"start":{"line":43,"column":4},"end":{"line":43,"column":24}},"12":{"start":{"line":47,"column":2},"end":{"line":76,"column":5}},"13":{"start":{"line":49,"column":37},"end":{"line":49,"column":48}},"14":{"start":{"line":50,"column":40},"end":{"line":50,"column":46}},"15":{"start":{"line":51,"column":18},"end":{"line":51,"column":33}},"16":{"start":{"line":52,"column":21},"end":{"line":52,"column":39}},"17":{"start":{"line":55,"column":4},"end":{"line":69,"column":null}},"18":{"start":{"line":57,"column":6},"end":{"line":66,"column":null}},"19":{"start":{"line":58,"column":8},"end":{"line":62,"column":null}},"20":{"start":{"line":59,"column":10},"end":{"line":59,"column":66}},"21":{"start":{"line":61,"column":10},"end":{"line":61,"column":53}},"22":{"start":{"line":65,"column":8},"end":{"line":65,"column":50}},"23":{"start":{"line":68,"column":6},"end":{"line":68,"column":34}},"24":{"start":{"line":72,"column":4},"end":{"line":72,"column":29}},"25":{"start":{"line":75,"column":4},"end":{"line":75,"column":21}},"26":{"start":{"line":88,"column":13},"end":{"line":113,"column":2}},"27":{"start":{"line":92,"column":5},"end":{"line":113,"column":1}},"28":{"start":{"line":93,"column":19},"end":{"line":93,"column":30}},"29":{"start":{"line":96,"column":2},"end":{"line":98,"column":null}},"30":{"start":{"line":97,"column":4},"end":{"line":97,"column":65}},"31":{"start":{"line":101,"column":2},"end":{"line":107,"column":5}},"32":{"start":{"line":110,"column":2},"end":{"line":110,"column":45}},"33":{"start":{"line":112,"column":2},"end":{"line":112,"column":26}},"34":{"start":{"line":123,"column":13},"end":{"line":157,"column":2}},"35":{"start":{"line":125,"column":2},"end":{"line":154,"column":5}},"36":{"start":{"line":134,"column":8},"end":{"line":134,"column":13}},"37":{"start":{"line":137,"column":4},"end":{"line":153,"column":6}},"38":{"start":{"line":156,"column":2},"end":{"line":156,"column":20}},"39":{"start":{"line":159,"column":0},"end":{"line":159,"column":20}}},"fnMap":{"0":{"name":"(anonymous_0)","decl":{"start":{"line":16,"column":24},"end":{"line":16,"column":27}},"loc":{"start":{"line":16,"column":30},"end":{"line":16,"column":44}}},"1":{"name":"(anonymous_1)","decl":{"start":{"line":21,"column":27},"end":{"line":21,"column":30}},"loc":{"start":{"line":21,"column":32},"end":{"line":23,"column":1}}},"2":{"name":"(anonymous_2)","decl":{"start":{"line":35,"column":38},"end":{"line":35,"column":null}},"loc":{"start":{"line":37,"column":5},"end":{"line":77,"column":1}}},"3":{"name":"(anonymous_3)","decl":{"start":{"line":37,"column":5},"end":{"line":37,"column":6}},"loc":{"start":{"line":37,"column":15},"end":{"line":77,"column":1}}},"4":{"name":"(anonymous_4)","decl":{"start":{"line":37,"column":15},"end":{"line":37,"column":16}},"loc":{"start":{"line":37,"column":37},"end":{"line":77,"column":1}}},"5":{"name":"(anonymous_5)","decl":{"start":{"line":47,"column":8},"end":{"line":47,"column":11}},"loc":{"start":{"line":47,"column":13},"end":{"line":76,"column":3}}},"6":{"name":"(anonymous_6)","decl":{"start":{"line":88,"column":28},"end":{"line":88,"column":null}},"loc":{"start":{"line":92,"column":5},"end":{"line":113,"column":1}}},"7":{"name":"(anonymous_7)","decl":{"start":{"line":92,"column":5},"end":{"line":92,"column":6}},"loc":{"start":{"line":92,"column":28},"end":{"line":113,"column":1}}},"8":{"name":"(anonymous_8)","decl":{"start":{"line":123,"column":20},"end":{"line":123,"column":21}},"loc":{"start":{"line":123,"column":46},"end":{"line":157,"column":1}}},"9":{"name":"(anonymous_9)","decl":{"start":{"line":125,"column":40},"end":{"line":125,"column":41}},"loc":{"start":{"line":125,"column":58},"end":{"line":154,"column":3}}}},"branchMap":{"0":{"loc":{"start":{"line":42,"column":2},"end":{"line":44,"column":null}},"type":"if","locations":[{"start":{"line":42,"column":2},"end":{"line":44,"column":null}},{"start":{"line":42,"column":2},"end":{"line":44,"column":null}}]},"1":{"loc":{"start":{"line":42,"column":6},"end":{"line":42,"column":23}},"type":"binary-expr","locations":[{"start":{"line":42,"column":6},"end":{"line":42,"column":23}},{"start":{"line":42,"column":27},"end":{"line":42,"column":39}}]},"2":{"loc":{"start":{"line":42,"column":10},"end":{"line":42,"column":12}},"type":"cond-expr","locations":[{"start":{"line":42,"column":10},"end":{"line":42,"column":12}},{"start":{"line":42,"column":10},"end":{"line":42,"column":23}}]},"3":{"loc":{"start":{"line":42,"column":6},"end":{"line":42,"column":12}},"type":"binary-expr","locations":[{"start":{"line":42,"column":6},"end":{"line":42,"column":12}},{"start":{"line":42,"column":10},"end":{"line":42,"column":12}}]},"4":{"loc":{"start":{"line":55,"column":4},"end":{"line":69,"column":null}},"type":"if","locations":[{"start":{"line":55,"column":4},"end":{"line":69,"column":null}},{"start":{"line":55,"column":4},"end":{"line":69,"column":null}}]},"5":{"loc":{"start":{"line":55,"column":8},"end":{"line":55,"column":19}},"type":"binary-expr","locations":[{"start":{"line":55,"column":8},"end":{"line":55,"column":19}},{"start":{"line":55,"column":23},"end":{"line":55,"column":48}}]},"6":{"loc":{"start":{"line":57,"column":6},"end":{"line":66,"column":null}},"type":"if","locations":[{"start":{"line":57,"column":6},"end":{"line":66,"column":null}},{"start":{"line":57,"column":6},"end":{"line":66,"column":null}}]},"7":{"loc":{"start":{"line":58,"column":8},"end":{"line":62,"column":null}},"type":"if","locations":[{"start":{"line":58,"column":8},"end":{"line":62,"column":null}},{"start":{"line":58,"column":8},"end":{"line":62,"column":null}}]},"8":{"loc":{"start":{"line":96,"column":2},"end":{"line":98,"column":null}},"type":"if","locations":[{"start":{"line":96,"column":2},"end":{"line":98,"column":null}},{"start":{"line":96,"column":2},"end":{"line":98,"column":null}}]},"9":{"loc":{"start":{"line":128,"column":21},"end":{"line":128,"column":25}},"type":"default-arg","locations":[{"start":{"line":128,"column":21},"end":{"line":128,"column":25}}]},"10":{"loc":{"start":{"line":130,"column":15},"end":{"line":130,"column":20}},"type":"default-arg","locations":[{"start":{"line":130,"column":15},"end":{"line":130,"column":20}}]},"11":{"loc":{"start":{"line":131,"column":24},"end":{"line":131,"column":26}},"type":"default-arg","locations":[{"start":{"line":131,"column":24},"end":{"line":131,"column":26}}]},"12":{"loc":{"start":{"line":132,"column":20},"end":{"line":132,"column":24}},"type":"default-arg","locations":[{"start":{"line":132,"column":20},"end":{"line":132,"column":24}}]}},"s":{"0":1,"1":1,"2":1,"3":22,"4":1,"5":28,"6":1,"7":16,"8":16,"9":16,"10":16,"11":2,"12":14,"13":14,"14":14,"15":14,"16":14,"17":14,"18":10,"19":8,"20":3,"21":5,"22":2,"23":4,"24":14,"25":14,"26":1,"27":17,"28":2,"29":2,"30":1,"31":2,"32":2,"33":2,"34":1,"35":16,"36":15,"37":15,"38":16,"39":1},"f":{"0":22,"1":28,"2":16,"3":16,"4":16,"5":14,"6":17,"7":2,"8":16,"9":15},"b":{"0":[2,14],"1":[16,15],"2":[15,1],"3":[16,16],"4":[10,4],"5":[14,10],"6":[8,2],"7":[3,5],"8":[1,1],"9":[0],"10":[0],"11":[0],"12":[0]}}
}
