TN:
SF:src/index.ts
FN:16,(anonymous_0)
FN:21,(anonymous_1)
FN:35,(anonymous_2)
FN:37,(anonymous_3)
FN:37,(anonymous_4)
FN:47,(anonymous_5)
FN:88,(anonymous_6)
FN:92,(anonymous_7)
FN:123,(anonymous_8)
FN:125,(anonymous_9)
FNF:10
FNH:10
FNDA:22,(anonymous_0)
FNDA:28,(anonymous_1)
FNDA:16,(anonymous_2)
FNDA:16,(anonymous_3)
FNDA:16,(anonymous_4)
FNDA:14,(anonymous_5)
FNDA:17,(anonymous_6)
FNDA:2,(anonymous_7)
FNDA:16,(anonymous_8)
FNDA:15,(anonymous_9)
DA:3,1
DA:8,1
DA:16,22
DA:21,1
DA:22,28
DA:35,1
DA:37,16
DA:39,16
DA:42,16
DA:43,2
DA:47,14
DA:49,14
DA:50,14
DA:51,14
DA:52,14
DA:55,14
DA:57,10
DA:58,8
DA:59,3
DA:61,5
DA:65,2
DA:68,4
DA:72,14
DA:75,14
DA:88,1
DA:92,17
DA:93,2
DA:96,2
DA:97,1
DA:101,2
DA:110,2
DA:112,2
DA:123,1
DA:125,16
DA:134,15
DA:137,15
DA:156,16
DA:159,1
LF:38
LH:38
BRDA:42,0,0,2
BRDA:42,0,1,14
BRDA:42,1,0,16
BRDA:42,1,1,15
BRDA:42,2,0,15
BRDA:42,2,1,1
BRDA:42,3,0,16
BRDA:42,3,1,16
BRDA:55,4,0,10
BRDA:55,4,1,4
BRDA:55,5,0,14
BRDA:55,5,1,10
BRDA:57,6,0,8
BRDA:57,6,1,2
BRDA:58,7,0,3
BRDA:58,7,1,5
BRDA:96,8,0,1
BRDA:96,8,1,1
BRDA:128,9,0,0
BRDA:130,10,0,0
BRDA:131,11,0,0
BRDA:132,12,0,0
BRF:22
BRH:18
end_of_record
